<?xml version="1.0" encoding="UTF-8"?>
<!-- Generated by org.testng.reporters.JUnitReportReporter -->
<testsuite hostname="DESKTOP-9QSKLPU" failures="0" tests="2" name="demo.Demo" time="0.014" errors="0" timestamp="2023-02-14T00:56:33 IST" skipped="0">
  <testcase classname="demo.Demo" name="userLogin" time="0.013"/>
  <system-out/>
  <testcase classname="demo.Demo" name="userReg" time="0.001"/>
  <system-out/>
</testsuite> <!-- demo.Demo -->
