<?xml version="1.0" encoding="UTF-8"?>
<!-- Generated by org.testng.reporters.JUnitReportReporter -->
<testsuite hostname="DESKTOP-9QSKLPU" failures="0" tests="3" name="demo.DataProvideDemo" time="0.011" errors="0" timestamp="2023-02-14T01:59:23 IST" skipped="0">
  <testcase classname="demo.DataProvideDemo" name="Stringcancat" time="0.002"/>
  <system-out/>
  <testcase classname="demo.DataProvideDemo" name="Stringcancat" time="0.007"/>
  <system-out/>
  <testcase classname="demo.DataProvideDemo" name="Stringcancat" time="0.002"/>
  <system-out/>
</testsuite> <!-- demo.DataProvideDemo -->
