<?xml version="1.0" encoding="UTF-8"?>
<!-- Generated by org.testng.reporters.JUnitReportReporter -->
<testsuite hostname="DESKTOP-9QSKLPU" failures="0" tests="2" name="demo.TestNGEx02" time="0.010" errors="0" timestamp="2023-02-20T00:21:43 IST" skipped="0">
  <testcase classname="demo.TestNGEx02" name="userReg" time="0.008"/>
  <system-out/>
  <testcase classname="demo.TestNGEx02" name="userLogin" time="0.002"/>
  <system-out/>
</testsuite> <!-- demo.TestNGEx02 -->
